<?xml version="1.0" encoding="UTF-8"?>
<!-- Generated by org.testng.reporters.JUnitXMLReporter -->
<testsuite ignored="0" hostname="DESKTOP-19BS8TV" failures="0" tests="8" name="LoginTest" time="134.57" errors="0" timestamp="2024-06-03T19:33:36 IST">
  <testcase classname="com.LinkedInHybridProject.testCases.LoginPageWithValidCredencials" name="LoginValidCredencials" time="13.841"/>
  <testcase classname="com.LinkedInHybridProject.testCases.LoginPageWithInValidUsername" name="LoginInValidUsername" time="4.039"/>
  <testcase classname="com.LinkedInHybridProject.testCases.LoginPageWithInValidPassword" name="LoginInValidPassword" time="3.602"/>
  <testcase classname="com.LinkedInHybridProject.testCases.LoginPageWithInValidCredencials" name="LoginInValidCredencial" time="4.382"/>
  <testcase classname="com.LinkedInHybridProject.testCases.HomePageWithUserProfile" name="LoginValidCredencials" time="12.262"/>
  <testcase classname="com.LinkedInHybridProject.testCases.HomePageWithUserProfile" name="HomeWithUserProfile" time="3.545"/>
  <testcase classname="com.LinkedInHybridProject.testCases.HomePageWithCompanyProfile" name="LoginValidCredencials" time="22.397"/>
  <testcase classname="com.LinkedInHybridProject.testCases.HomePageWithCompanyProfile" name="HomeWithCompanyProfile" time="9.067"/>
</testsuite> <!-- LoginTest -->
