<?xml version="1.0" encoding="UTF-8"?>
<!-- Generated by org.testng.reporters.JUnitXMLReporter -->
<testsuite ignored="0" hostname="DESKTOP-19BS8TV" failures="0" tests="8" name="LoginTest" time="121.68" errors="0" timestamp="2024-06-04T13:40:59 IST">
  <testcase classname="com.LinkedInHybridProject.testCases.LoginPageWithValidCredencials" name="LoginValidCredencials" time="13.598"/>
  <testcase classname="com.LinkedInHybridProject.testCases.LoginPageWithInValidUsername" name="LoginInValidUsername" time="4.282"/>
  <testcase classname="com.LinkedInHybridProject.testCases.LoginPageWithInValidPassword" name="LoginInValidPassword" time="3.917"/>
  <testcase classname="com.LinkedInHybridProject.testCases.LoginPageWithInValidCredencials" name="LoginInValidCredencial" time="3.8"/>
  <testcase classname="com.LinkedInHybridProject.testCases.HomePageWithUserProfile" name="LoginValidCredencials" time="11.021"/>
  <testcase classname="com.LinkedInHybridProject.testCases.HomePageWithUserProfile" name="HomeWithUserProfile" time="6.217"/>
  <testcase classname="com.LinkedInHybridProject.testCases.HomePageWithCompanyProfile" name="LoginValidCredencials" time="14.694"/>
  <testcase classname="com.LinkedInHybridProject.testCases.HomePageWithCompanyProfile" name="HomeWithCompanyProfile" time="6.989"/>
</testsuite> <!-- LoginTest -->
