<?xml version="1.0" encoding="UTF-8"?>
<testng-results ignored="0" total="8" passed="8" failed="0" skipped="0">
  <reporter-output>
  </reporter-output>
  <suite started-at="2024-06-03T19:31:21 IST" name="LinkedInHybridProject" finished-at="2024-06-03T19:33:36 IST" duration-ms="134570">
    <groups>
    </groups>
    <test started-at="2024-06-03T19:31:21 IST" name="LoginTest" finished-at="2024-06-03T19:33:36 IST" duration-ms="134570">
      <class name="com.LinkedInHybridProject.testCases.HomePageWithCompanyProfile">
        <test-method is-config="true" signature="setUp(java.lang.String)[pri:0, instance:com.LinkedInHybridProject.testCases.HomePageWithCompanyProfile@1d71006f]" started-at="2024-06-03T19:32:51 IST" name="setUp" finished-at="2024-06-03T19:33:03 IST" duration-ms="11993" status="PASS">
          <params>
            <param index="0">
              <value>
                <![CDATA[chrome]]>
              </value>
            </param>
          </params>
          <reporter-output>
          </reporter-output>
        </test-method> <!-- setUp -->
        <test-method signature="LoginValidCredencials()[pri:1, instance:com.LinkedInHybridProject.testCases.HomePageWithCompanyProfile@1d71006f]" started-at="2024-06-03T19:33:03 IST" name="LoginValidCredencials" finished-at="2024-06-03T19:33:26 IST" duration-ms="22397" status="PASS">
          <reporter-output>
          </reporter-output>
        </test-method> <!-- LoginValidCredencials -->
        <test-method signature="HomeWithCompanyProfile()[pri:2, instance:com.LinkedInHybridProject.testCases.HomePageWithCompanyProfile@1d71006f]" started-at="2024-06-03T19:33:26 IST" name="HomeWithCompanyProfile" finished-at="2024-06-03T19:33:35 IST" duration-ms="9067" status="PASS">
          <reporter-output>
          </reporter-output>
        </test-method> <!-- HomeWithCompanyProfile -->
        <test-method is-config="true" signature="tearDown()[pri:0, instance:com.LinkedInHybridProject.testCases.HomePageWithCompanyProfile@1d71006f]" started-at="2024-06-03T19:33:35 IST" name="tearDown" finished-at="2024-06-03T19:33:36 IST" duration-ms="767" status="PASS">
          <reporter-output>
          </reporter-output>
        </test-method> <!-- tearDown -->
      </class> <!-- com.LinkedInHybridProject.testCases.HomePageWithCompanyProfile -->
      <class name="com.LinkedInHybridProject.testCases.LoginPageWithInValidPassword">
        <test-method is-config="true" signature="setUp(java.lang.String)[pri:0, instance:com.LinkedInHybridProject.testCases.LoginPageWithInValidPassword@6865c751]" started-at="2024-06-03T19:32:05 IST" name="setUp" finished-at="2024-06-03T19:32:13 IST" duration-ms="7479" status="PASS">
          <params>
            <param index="0">
              <value>
                <![CDATA[chrome]]>
              </value>
            </param>
          </params>
          <reporter-output>
          </reporter-output>
        </test-method> <!-- setUp -->
        <test-method signature="LoginInValidPassword()[pri:1, instance:com.LinkedInHybridProject.testCases.LoginPageWithInValidPassword@6865c751]" started-at="2024-06-03T19:32:13 IST" name="LoginInValidPassword" finished-at="2024-06-03T19:32:16 IST" duration-ms="3602" status="PASS">
          <reporter-output>
          </reporter-output>
        </test-method> <!-- LoginInValidPassword -->
        <test-method is-config="true" signature="tearDown()[pri:0, instance:com.LinkedInHybridProject.testCases.LoginPageWithInValidPassword@6865c751]" started-at="2024-06-03T19:32:16 IST" name="tearDown" finished-at="2024-06-03T19:32:17 IST" duration-ms="498" status="PASS">
          <reporter-output>
          </reporter-output>
        </test-method> <!-- tearDown -->
      </class> <!-- com.LinkedInHybridProject.testCases.LoginPageWithInValidPassword -->
      <class name="com.LinkedInHybridProject.testCases.LoginPageWithInValidUsername">
        <test-method is-config="true" signature="setUp(java.lang.String)[pri:0, instance:com.LinkedInHybridProject.testCases.LoginPageWithInValidUsername@89ff02e]" started-at="2024-06-03T19:31:49 IST" name="setUp" finished-at="2024-06-03T19:32:01 IST" duration-ms="11487" status="PASS">
          <params>
            <param index="0">
              <value>
                <![CDATA[chrome]]>
              </value>
            </param>
          </params>
          <reporter-output>
          </reporter-output>
        </test-method> <!-- setUp -->
        <test-method signature="LoginInValidUsername()[pri:1, instance:com.LinkedInHybridProject.testCases.LoginPageWithInValidUsername@89ff02e]" started-at="2024-06-03T19:32:01 IST" name="LoginInValidUsername" finished-at="2024-06-03T19:32:05 IST" duration-ms="4039" status="PASS">
          <reporter-output>
          </reporter-output>
        </test-method> <!-- LoginInValidUsername -->
        <test-method is-config="true" signature="tearDown()[pri:0, instance:com.LinkedInHybridProject.testCases.LoginPageWithInValidUsername@89ff02e]" started-at="2024-06-03T19:32:05 IST" name="tearDown" finished-at="2024-06-03T19:32:05 IST" duration-ms="391" status="PASS">
          <reporter-output>
          </reporter-output>
        </test-method> <!-- tearDown -->
      </class> <!-- com.LinkedInHybridProject.testCases.LoginPageWithInValidUsername -->
      <class name="com.LinkedInHybridProject.testCases.LoginPageWithValidCredencials">
        <test-method is-config="true" signature="setUp(java.lang.String)[pri:0, instance:com.LinkedInHybridProject.testCases.LoginPageWithValidCredencials@1849db1a]" started-at="2024-06-03T19:31:21 IST" name="setUp" finished-at="2024-06-03T19:31:35 IST" duration-ms="13216" status="PASS">
          <params>
            <param index="0">
              <value>
                <![CDATA[chrome]]>
              </value>
            </param>
          </params>
          <reporter-output>
          </reporter-output>
        </test-method> <!-- setUp -->
        <test-method signature="LoginValidCredencials()[pri:1, instance:com.LinkedInHybridProject.testCases.LoginPageWithValidCredencials@1849db1a]" started-at="2024-06-03T19:31:35 IST" name="LoginValidCredencials" finished-at="2024-06-03T19:31:49 IST" duration-ms="13841" status="PASS">
          <reporter-output>
          </reporter-output>
        </test-method> <!-- LoginValidCredencials -->
        <test-method is-config="true" signature="tearDown()[pri:0, instance:com.LinkedInHybridProject.testCases.LoginPageWithValidCredencials@1849db1a]" started-at="2024-06-03T19:31:49 IST" name="tearDown" finished-at="2024-06-03T19:31:49 IST" duration-ms="534" status="PASS">
          <reporter-output>
          </reporter-output>
        </test-method> <!-- tearDown -->
      </class> <!-- com.LinkedInHybridProject.testCases.LoginPageWithValidCredencials -->
      <class name="com.LinkedInHybridProject.testCases.LoginPageWithInValidCredencials">
        <test-method is-config="true" signature="setUp(java.lang.String)[pri:0, instance:com.LinkedInHybridProject.testCases.LoginPageWithInValidCredencials@62679465]" started-at="2024-06-03T19:32:17 IST" name="setUp" finished-at="2024-06-03T19:32:24 IST" duration-ms="6874" status="PASS">
          <params>
            <param index="0">
              <value>
                <![CDATA[chrome]]>
              </value>
            </param>
          </params>
          <reporter-output>
          </reporter-output>
        </test-method> <!-- setUp -->
        <test-method signature="LoginInValidCredencial()[pri:1, instance:com.LinkedInHybridProject.testCases.LoginPageWithInValidCredencials@62679465]" started-at="2024-06-03T19:32:24 IST" name="LoginInValidCredencial" finished-at="2024-06-03T19:32:28 IST" duration-ms="4382" status="PASS">
          <reporter-output>
          </reporter-output>
        </test-method> <!-- LoginInValidCredencial -->
        <test-method is-config="true" signature="tearDown()[pri:0, instance:com.LinkedInHybridProject.testCases.LoginPageWithInValidCredencials@62679465]" started-at="2024-06-03T19:32:28 IST" name="tearDown" finished-at="2024-06-03T19:32:28 IST" duration-ms="374" status="PASS">
          <reporter-output>
          </reporter-output>
        </test-method> <!-- tearDown -->
      </class> <!-- com.LinkedInHybridProject.testCases.LoginPageWithInValidCredencials -->
      <class name="com.LinkedInHybridProject.testCases.HomePageWithUserProfile">
        <test-method is-config="true" signature="setUp(java.lang.String)[pri:0, instance:com.LinkedInHybridProject.testCases.HomePageWithUserProfile@6a988392]" started-at="2024-06-03T19:32:28 IST" name="setUp" finished-at="2024-06-03T19:32:35 IST" duration-ms="6835" status="PASS">
          <params>
            <param index="0">
              <value>
                <![CDATA[chrome]]>
              </value>
            </param>
          </params>
          <reporter-output>
          </reporter-output>
        </test-method> <!-- setUp -->
        <test-method signature="LoginValidCredencials()[pri:1, instance:com.LinkedInHybridProject.testCases.HomePageWithUserProfile@6a988392]" started-at="2024-06-03T19:32:35 IST" name="LoginValidCredencials" finished-at="2024-06-03T19:32:47 IST" duration-ms="12262" status="PASS">
          <reporter-output>
          </reporter-output>
        </test-method> <!-- LoginValidCredencials -->
        <test-method signature="HomeWithUserProfile()[pri:2, instance:com.LinkedInHybridProject.testCases.HomePageWithUserProfile@6a988392]" started-at="2024-06-03T19:32:47 IST" name="HomeWithUserProfile" finished-at="2024-06-03T19:32:51 IST" duration-ms="3545" status="PASS">
          <reporter-output>
          </reporter-output>
        </test-method> <!-- HomeWithUserProfile -->
        <test-method is-config="true" signature="tearDown()[pri:0, instance:com.LinkedInHybridProject.testCases.HomePageWithUserProfile@6a988392]" started-at="2024-06-03T19:32:51 IST" name="tearDown" finished-at="2024-06-03T19:32:51 IST" duration-ms="510" status="PASS">
          <reporter-output>
          </reporter-output>
        </test-method> <!-- tearDown -->
      </class> <!-- com.LinkedInHybridProject.testCases.HomePageWithUserProfile -->
    </test> <!-- LoginTest -->
  </suite> <!-- LinkedInHybridProject -->
</testng-results>
