<?xml version="1.0" encoding="UTF-8"?>
<testng-results ignored="0" total="8" passed="8" failed="0" skipped="0">
  <reporter-output>
  </reporter-output>
  <suite started-at="2024-06-04T13:38:56 IST" name="LinkedInHybridProject" finished-at="2024-06-04T13:40:58 IST" duration-ms="121680">
    <groups>
    </groups>
    <test started-at="2024-06-04T13:38:56 IST" name="LoginTest" finished-at="2024-06-04T13:40:58 IST" duration-ms="121680">
      <class name="com.LinkedInHybridProject.testCases.HomePageWithCompanyProfile">
        <test-method is-config="true" signature="setUp(java.lang.String)[pri:0, instance:com.LinkedInHybridProject.testCases.HomePageWithCompanyProfile@1d71006f]" started-at="2024-06-04T13:40:26 IST" name="setUp" finished-at="2024-06-04T13:40:36 IST" duration-ms="9503" status="PASS">
          <params>
            <param index="0">
              <value>
                <![CDATA[chrome]]>
              </value>
            </param>
          </params>
          <reporter-output>
          </reporter-output>
        </test-method> <!-- setUp -->
        <test-method signature="LoginValidCredencials()[pri:1, instance:com.LinkedInHybridProject.testCases.HomePageWithCompanyProfile@1d71006f]" started-at="2024-06-04T13:40:36 IST" name="LoginValidCredencials" finished-at="2024-06-04T13:40:50 IST" duration-ms="14694" status="PASS">
          <reporter-output>
          </reporter-output>
        </test-method> <!-- LoginValidCredencials -->
        <test-method signature="HomeWithCompanyProfile()[pri:2, instance:com.LinkedInHybridProject.testCases.HomePageWithCompanyProfile@1d71006f]" started-at="2024-06-04T13:40:50 IST" name="HomeWithCompanyProfile" finished-at="2024-06-04T13:40:57 IST" duration-ms="6989" status="PASS">
          <reporter-output>
          </reporter-output>
        </test-method> <!-- HomeWithCompanyProfile -->
        <test-method is-config="true" signature="tearDown()[pri:0, instance:com.LinkedInHybridProject.testCases.HomePageWithCompanyProfile@1d71006f]" started-at="2024-06-04T13:40:57 IST" name="tearDown" finished-at="2024-06-04T13:40:58 IST" duration-ms="587" status="PASS">
          <reporter-output>
          </reporter-output>
        </test-method> <!-- tearDown -->
      </class> <!-- com.LinkedInHybridProject.testCases.HomePageWithCompanyProfile -->
      <class name="com.LinkedInHybridProject.testCases.LoginPageWithInValidPassword">
        <test-method is-config="true" signature="setUp(java.lang.String)[pri:0, instance:com.LinkedInHybridProject.testCases.LoginPageWithInValidPassword@6865c751]" started-at="2024-06-04T13:39:35 IST" name="setUp" finished-at="2024-06-04T13:39:42 IST" duration-ms="7067" status="PASS">
          <params>
            <param index="0">
              <value>
                <![CDATA[chrome]]>
              </value>
            </param>
          </params>
          <reporter-output>
          </reporter-output>
        </test-method> <!-- setUp -->
        <test-method signature="LoginInValidPassword()[pri:1, instance:com.LinkedInHybridProject.testCases.LoginPageWithInValidPassword@6865c751]" started-at="2024-06-04T13:39:42 IST" name="LoginInValidPassword" finished-at="2024-06-04T13:39:46 IST" duration-ms="3917" status="PASS">
          <reporter-output>
          </reporter-output>
        </test-method> <!-- LoginInValidPassword -->
        <test-method is-config="true" signature="tearDown()[pri:0, instance:com.LinkedInHybridProject.testCases.LoginPageWithInValidPassword@6865c751]" started-at="2024-06-04T13:39:46 IST" name="tearDown" finished-at="2024-06-04T13:39:46 IST" duration-ms="551" status="PASS">
          <reporter-output>
          </reporter-output>
        </test-method> <!-- tearDown -->
      </class> <!-- com.LinkedInHybridProject.testCases.LoginPageWithInValidPassword -->
      <class name="com.LinkedInHybridProject.testCases.LoginPageWithInValidUsername">
        <test-method is-config="true" signature="setUp(java.lang.String)[pri:0, instance:com.LinkedInHybridProject.testCases.LoginPageWithInValidUsername@89ff02e]" started-at="2024-06-04T13:39:23 IST" name="setUp" finished-at="2024-06-04T13:39:30 IST" duration-ms="6416" status="PASS">
          <params>
            <param index="0">
              <value>
                <![CDATA[chrome]]>
              </value>
            </param>
          </params>
          <reporter-output>
          </reporter-output>
        </test-method> <!-- setUp -->
        <test-method signature="LoginInValidUsername()[pri:1, instance:com.LinkedInHybridProject.testCases.LoginPageWithInValidUsername@89ff02e]" started-at="2024-06-04T13:39:30 IST" name="LoginInValidUsername" finished-at="2024-06-04T13:39:34 IST" duration-ms="4282" status="PASS">
          <reporter-output>
          </reporter-output>
        </test-method> <!-- LoginInValidUsername -->
        <test-method is-config="true" signature="tearDown()[pri:0, instance:com.LinkedInHybridProject.testCases.LoginPageWithInValidUsername@89ff02e]" started-at="2024-06-04T13:39:34 IST" name="tearDown" finished-at="2024-06-04T13:39:35 IST" duration-ms="548" status="PASS">
          <reporter-output>
          </reporter-output>
        </test-method> <!-- tearDown -->
      </class> <!-- com.LinkedInHybridProject.testCases.LoginPageWithInValidUsername -->
      <class name="com.LinkedInHybridProject.testCases.LoginPageWithValidCredencials">
        <test-method is-config="true" signature="setUp(java.lang.String)[pri:0, instance:com.LinkedInHybridProject.testCases.LoginPageWithValidCredencials@1849db1a]" started-at="2024-06-04T13:38:57 IST" name="setUp" finished-at="2024-06-04T13:39:09 IST" duration-ms="12389" status="PASS">
          <params>
            <param index="0">
              <value>
                <![CDATA[chrome]]>
              </value>
            </param>
          </params>
          <reporter-output>
          </reporter-output>
        </test-method> <!-- setUp -->
        <test-method signature="LoginValidCredencials()[pri:1, instance:com.LinkedInHybridProject.testCases.LoginPageWithValidCredencials@1849db1a]" started-at="2024-06-04T13:39:09 IST" name="LoginValidCredencials" finished-at="2024-06-04T13:39:23 IST" duration-ms="13598" status="PASS">
          <reporter-output>
          </reporter-output>
        </test-method> <!-- LoginValidCredencials -->
        <test-method is-config="true" signature="tearDown()[pri:0, instance:com.LinkedInHybridProject.testCases.LoginPageWithValidCredencials@1849db1a]" started-at="2024-06-04T13:39:23 IST" name="tearDown" finished-at="2024-06-04T13:39:23 IST" duration-ms="719" status="PASS">
          <reporter-output>
          </reporter-output>
        </test-method> <!-- tearDown -->
      </class> <!-- com.LinkedInHybridProject.testCases.LoginPageWithValidCredencials -->
      <class name="com.LinkedInHybridProject.testCases.LoginPageWithInValidCredencials">
        <test-method is-config="true" signature="setUp(java.lang.String)[pri:0, instance:com.LinkedInHybridProject.testCases.LoginPageWithInValidCredencials@62679465]" started-at="2024-06-04T13:39:46 IST" name="setUp" finished-at="2024-06-04T13:39:54 IST" duration-ms="7600" status="PASS">
          <params>
            <param index="0">
              <value>
                <![CDATA[chrome]]>
              </value>
            </param>
          </params>
          <reporter-output>
          </reporter-output>
        </test-method> <!-- setUp -->
        <test-method signature="LoginInValidCredencial()[pri:1, instance:com.LinkedInHybridProject.testCases.LoginPageWithInValidCredencials@62679465]" started-at="2024-06-04T13:39:54 IST" name="LoginInValidCredencial" finished-at="2024-06-04T13:39:58 IST" duration-ms="3800" status="PASS">
          <reporter-output>
          </reporter-output>
        </test-method> <!-- LoginInValidCredencial -->
        <test-method is-config="true" signature="tearDown()[pri:0, instance:com.LinkedInHybridProject.testCases.LoginPageWithInValidCredencials@62679465]" started-at="2024-06-04T13:39:58 IST" name="tearDown" finished-at="2024-06-04T13:39:58 IST" duration-ms="486" status="PASS">
          <reporter-output>
          </reporter-output>
        </test-method> <!-- tearDown -->
      </class> <!-- com.LinkedInHybridProject.testCases.LoginPageWithInValidCredencials -->
      <class name="com.LinkedInHybridProject.testCases.HomePageWithUserProfile">
        <test-method is-config="true" signature="setUp(java.lang.String)[pri:0, instance:com.LinkedInHybridProject.testCases.HomePageWithUserProfile@6a988392]" started-at="2024-06-04T13:39:58 IST" name="setUp" finished-at="2024-06-04T13:40:08 IST" duration-ms="10329" status="PASS">
          <params>
            <param index="0">
              <value>
                <![CDATA[chrome]]>
              </value>
            </param>
          </params>
          <reporter-output>
          </reporter-output>
        </test-method> <!-- setUp -->
        <test-method signature="LoginValidCredencials()[pri:1, instance:com.LinkedInHybridProject.testCases.HomePageWithUserProfile@6a988392]" started-at="2024-06-04T13:40:08 IST" name="LoginValidCredencials" finished-at="2024-06-04T13:40:20 IST" duration-ms="11021" status="PASS">
          <reporter-output>
          </reporter-output>
        </test-method> <!-- LoginValidCredencials -->
        <test-method signature="HomeWithUserProfile()[pri:2, instance:com.LinkedInHybridProject.testCases.HomePageWithUserProfile@6a988392]" started-at="2024-06-04T13:40:20 IST" name="HomeWithUserProfile" finished-at="2024-06-04T13:40:26 IST" duration-ms="6217" status="PASS">
          <reporter-output>
          </reporter-output>
        </test-method> <!-- HomeWithUserProfile -->
        <test-method is-config="true" signature="tearDown()[pri:0, instance:com.LinkedInHybridProject.testCases.HomePageWithUserProfile@6a988392]" started-at="2024-06-04T13:40:26 IST" name="tearDown" finished-at="2024-06-04T13:40:26 IST" duration-ms="496" status="PASS">
          <reporter-output>
          </reporter-output>
        </test-method> <!-- tearDown -->
      </class> <!-- com.LinkedInHybridProject.testCases.HomePageWithUserProfile -->
    </test> <!-- LoginTest -->
  </suite> <!-- LinkedInHybridProject -->
</testng-results>
